<?xml version="1.0" encoding="UTF-8"?>
<!-- Generated by org.testng.reporters.JUnitReportReporter -->
<testsuite hostname="Bukunmi" failures="0" tests="1" name="QA_Assessment.QAapp_wema.InvalidLogin" time="10.124" errors="0" timestamp="2024-06-27T11:25:51 EDT" skipped="0">
  <testcase classname="QA_Assessment.QAapp_wema.InvalidLogin" name="Invalid_Login" time="10.124"/>
</testsuite> <!-- QA_Assessment.QAapp_wema.InvalidLogin -->
