<?xml version="1.0" encoding="UTF-8"?>
<!-- Generated by org.testng.reporters.JUnitReportReporter -->
<testsuite hostname="Bukunmi" failures="0" tests="1" name="QA_Assessment.QAapp_wema.OnboardingTest" time="22.166" errors="0" timestamp="2024-06-27T11:01:18 EDT" skipped="0">
  <testcase classname="QA_Assessment.QAapp_wema.OnboardingTest" name="AffiliateOnboarding" time="22.166"/>
</testsuite> <!-- QA_Assessment.QAapp_wema.OnboardingTest -->
