<?xml version="1.0" encoding="UTF-8"?>
<!-- Generated by org.testng.reporters.JUnitReportReporter -->
<testsuite hostname="Bukunmi" failures="0" tests="1" name="QA_Assessment.QAapp_wema.StaffSignUp" time="14.217" errors="0" timestamp="2024-06-27T11:36:32 EDT" skipped="0">
  <testcase classname="QA_Assessment.QAapp_wema.StaffSignUp" name="staff_signup" time="14.217"/>
</testsuite> <!-- QA_Assessment.QAapp_wema.StaffSignUp -->
