<?xml version="1.0" encoding="UTF-8"?>
<!-- Generated by org.testng.reporters.JUnitReportReporter -->
<testsuite hostname="Bukunmi" failures="0" tests="1" name="QA_Assessment.QAapp_wema.OnboardingTest" time="8.769" errors="0" timestamp="2024-06-26T22:09:22 EDT" skipped="0">
  <testcase classname="QA_Assessment.QAapp_wema.OnboardingTest" name="AffiliateOnboarding" time="8.769"/>
</testsuite> <!-- QA_Assessment.QAapp_wema.OnboardingTest -->
